Determining if the pthread_create exist failed with the following output:
Change Dir: /root/ros_for_robotics/cpp_for_robotics/catkin_ws/build/CMakeFiles/CMakeTmp

Run Build Command:"/usr/bin/make" "cmTC_ac9ec/fast"
/usr/bin/make -f CMakeFiles/cmTC_ac9ec.dir/build.make CMakeFiles/cmTC_ac9ec.dir/build
make[1]: Entering directory '/root/ros_for_robotics/cpp_for_robotics/catkin_ws/build/CMakeFiles/CMakeTmp'
Building C object CMakeFiles/cmTC_ac9ec.dir/CheckSymbolExists.c.o
/usr/bin/cc    -o CMakeFiles/cmTC_ac9ec.dir/CheckSymbolExists.c.o   -c /root/ros_for_robotics/cpp_for_robotics/catkin_ws/build/CMakeFiles/CMakeTmp/CheckSymbolExists.c
Linking C executable cmTC_ac9ec
/usr/bin/cmake -E cmake_link_script CMakeFiles/cmTC_ac9ec.dir/link.txt --verbose=1
/usr/bin/cc      -rdynamic CMakeFiles/cmTC_ac9ec.dir/CheckSymbolExists.c.o  -o cmTC_ac9ec 
CMakeFiles/cmTC_ac9ec.dir/CheckSymbolExists.c.o: In function `main':
CheckSymbolExists.c:(.text+0x1b): undefined reference to `pthread_create'
collect2: error: ld returned 1 exit status
CMakeFiles/cmTC_ac9ec.dir/build.make:97: recipe for target 'cmTC_ac9ec' failed
make[1]: *** [cmTC_ac9ec] Error 1
make[1]: Leaving directory '/root/ros_for_robotics/cpp_for_robotics/catkin_ws/build/CMakeFiles/CMakeTmp'
Makefile:126: recipe for target 'cmTC_ac9ec/fast' failed
make: *** [cmTC_ac9ec/fast] Error 2

File /root/ros_for_robotics/cpp_for_robotics/catkin_ws/build/CMakeFiles/CMakeTmp/CheckSymbolExists.c:
/* */
#include <pthread.h>

int main(int argc, char** argv)
{
  (void)argv;
#ifndef pthread_create
  return ((int*)(&pthread_create))[argc];
#else
  (void)argc;
  return 0;
#endif
}

Determining if the function pthread_create exists in the pthreads failed with the following output:
Change Dir: /root/ros_for_robotics/cpp_for_robotics/catkin_ws/build/CMakeFiles/CMakeTmp

Run Build Command:"/usr/bin/make" "cmTC_5c19c/fast"
/usr/bin/make -f CMakeFiles/cmTC_5c19c.dir/build.make CMakeFiles/cmTC_5c19c.dir/build
make[1]: Entering directory '/root/ros_for_robotics/cpp_for_robotics/catkin_ws/build/CMakeFiles/CMakeTmp'
Building C object CMakeFiles/cmTC_5c19c.dir/CheckFunctionExists.c.o
/usr/bin/cc   -DCHECK_FUNCTION_EXISTS=pthread_create   -o CMakeFiles/cmTC_5c19c.dir/CheckFunctionExists.c.o   -c /usr/share/cmake-3.10/Modules/CheckFunctionExists.c
Linking C executable cmTC_5c19c
/usr/bin/cmake -E cmake_link_script CMakeFiles/cmTC_5c19c.dir/link.txt --verbose=1
/usr/bin/cc  -DCHECK_FUNCTION_EXISTS=pthread_create    -rdynamic CMakeFiles/cmTC_5c19c.dir/CheckFunctionExists.c.o  -o cmTC_5c19c -lpthreads 
/usr/bin/ld: cannot find -lpthreads
collect2: error: ld returned 1 exit status
CMakeFiles/cmTC_5c19c.dir/build.make:97: recipe for target 'cmTC_5c19c' failed
make[1]: *** [cmTC_5c19c] Error 1
make[1]: Leaving directory '/root/ros_for_robotics/cpp_for_robotics/catkin_ws/build/CMakeFiles/CMakeTmp'
Makefile:126: recipe for target 'cmTC_5c19c/fast' failed
make: *** [cmTC_5c19c/fast] Error 2


